<?xml version="1.0" encoding="UTF-8"?>
<!-- Generated by org.testng.reporters.JUnitXMLReporter -->
<testsuite ignored="0" hostname="DESKTOP-U8F94J3" failures="0" tests="18" name="Default test" time="9.95" errors="0" timestamp="2022-07-04T10:39:46 IST">
  <testcase classname="com.bridgelabz.spotify.Spotify_Api" name="GetTrackAudioAnalysis" time="4.282"/>
  <testcase classname="com.bridgelabz.spotify.Spotify_Api" name="RemovePlaylistItem" time="0.55"/>
  <testcase classname="com.bridgelabz.spotify.Spotify_Api" name="add_Items_to_Playlist" time="0.65"/>
  <testcase classname="com.bridgelabz.spotify.Spotify_Api" name="change_Playlist_Details" time="0.29"/>
  <testcase classname="com.bridgelabz.spotify.Spotify_Api" name="createPlaylist" time="0.328"/>
  <testcase classname="com.bridgelabz.spotify.Spotify_Api" name="getPlaylistCoverImage" time="0.227"/>
  <testcase classname="com.bridgelabz.spotify.Spotify_Api" name="getSeveralTracks" time="0.237"/>
  <testcase classname="com.bridgelabz.spotify.Spotify_Api" name="getTrackAudioFeatures" time="0.171"/>
  <testcase classname="com.bridgelabz.spotify.Spotify_Api" name="getTracksAudioFeatures" time="0.152"/>
  <testcase classname="com.bridgelabz.spotify.Spotify_Api" name="get_Current_Users_Playlists" time="0.198"/>
  <testcase classname="com.bridgelabz.spotify.Spotify_Api" name="get_Playlist" time="0.288"/>
  <testcase classname="com.bridgelabz.spotify.Spotify_Api" name="get_Playlist_Items" time="0.327"/>
  <testcase classname="com.bridgelabz.spotify.Spotify_Api" name="get_Track" time="0.483"/>
  <testcase classname="com.bridgelabz.spotify.Spotify_Api" name="get_Users_Playlists" time="0.198"/>
  <testcase classname="com.bridgelabz.spotify.Spotify_Api" name="searchforItem" time="0.382"/>
  <testcase classname="com.bridgelabz.spotify.Spotify_Api" name="updatePlaylistItems" time="0.26"/>
  <testcase classname="com.bridgelabz.spotify.Spotify_Api" name="testGet_CurrentUsersProfile" time="0.286"/>
  <testcase classname="com.bridgelabz.spotify.Spotify_Api" name="testGet_Users_Profile" time="0.511"/>
</testsuite> <!-- Default test -->
