<?xml version="1.0" encoding="UTF-8"?>
<testng-results ignored="0" total="18" passed="18" failed="0" skipped="0">
  <reporter-output>
  </reporter-output>
  <suite started-at="2022-07-04T10:39:36 IST" name="Default suite" finished-at="2022-07-04T10:39:46 IST" duration-ms="9950">
    <groups>
    </groups>
    <test started-at="2022-07-04T10:39:36 IST" name="Default test" finished-at="2022-07-04T10:39:46 IST" duration-ms="9950">
      <class name="com.bridgelabz.spotify.Spotify_Api">
        <test-method is-config="true" signature="getToken()[pri:0, instance:com.bridgelabz.spotify.Spotify_Api@793be5ca]" started-at="2022-07-04T10:39:36 IST" name="getToken" finished-at="2022-07-04T10:39:36 IST" duration-ms="12" status="PASS">
          <reporter-output>
          </reporter-output>
        </test-method> <!-- getToken -->
        <test-method is-config="true" signature="getTracks()[pri:0, instance:com.bridgelabz.spotify.Spotify_Api@793be5ca]" started-at="2022-07-04T10:39:36 IST" name="getTracks" finished-at="2022-07-04T10:39:36 IST" duration-ms="0" status="PASS">
          <reporter-output>
          </reporter-output>
        </test-method> <!-- getTracks -->
        <test-method signature="GetTrackAudioAnalysis()[pri:0, instance:com.bridgelabz.spotify.Spotify_Api@793be5ca]" started-at="2022-07-04T10:39:36 IST" name="GetTrackAudioAnalysis" finished-at="2022-07-04T10:39:40 IST" duration-ms="4282" status="PASS">
          <reporter-output>
          </reporter-output>
        </test-method> <!-- GetTrackAudioAnalysis -->
        <test-method signature="RemovePlaylistItem()[pri:0, instance:com.bridgelabz.spotify.Spotify_Api@793be5ca]" started-at="2022-07-04T10:39:40 IST" name="RemovePlaylistItem" finished-at="2022-07-04T10:39:41 IST" duration-ms="550" status="PASS">
          <reporter-output>
          </reporter-output>
        </test-method> <!-- RemovePlaylistItem -->
        <test-method signature="add_Items_to_Playlist()[pri:0, instance:com.bridgelabz.spotify.Spotify_Api@793be5ca]" started-at="2022-07-04T10:39:41 IST" name="add_Items_to_Playlist" finished-at="2022-07-04T10:39:41 IST" duration-ms="650" status="PASS">
          <reporter-output>
          </reporter-output>
        </test-method> <!-- add_Items_to_Playlist -->
        <test-method signature="change_Playlist_Details()[pri:0, instance:com.bridgelabz.spotify.Spotify_Api@793be5ca]" started-at="2022-07-04T10:39:41 IST" name="change_Playlist_Details" finished-at="2022-07-04T10:39:41 IST" duration-ms="290" status="PASS">
          <reporter-output>
          </reporter-output>
        </test-method> <!-- change_Playlist_Details -->
        <test-method signature="createPlaylist()[pri:0, instance:com.bridgelabz.spotify.Spotify_Api@793be5ca]" started-at="2022-07-04T10:39:41 IST" name="createPlaylist" finished-at="2022-07-04T10:39:42 IST" duration-ms="328" status="PASS">
          <reporter-output>
          </reporter-output>
        </test-method> <!-- createPlaylist -->
        <test-method signature="getPlaylistCoverImage()[pri:0, instance:com.bridgelabz.spotify.Spotify_Api@793be5ca]" started-at="2022-07-04T10:39:42 IST" name="getPlaylistCoverImage" finished-at="2022-07-04T10:39:42 IST" duration-ms="227" status="PASS">
          <reporter-output>
          </reporter-output>
        </test-method> <!-- getPlaylistCoverImage -->
        <test-method signature="getSeveralTracks()[pri:0, instance:com.bridgelabz.spotify.Spotify_Api@793be5ca]" started-at="2022-07-04T10:39:42 IST" name="getSeveralTracks" finished-at="2022-07-04T10:39:42 IST" duration-ms="237" status="PASS">
          <reporter-output>
          </reporter-output>
        </test-method> <!-- getSeveralTracks -->
        <test-method signature="getTrackAudioFeatures()[pri:0, instance:com.bridgelabz.spotify.Spotify_Api@793be5ca]" started-at="2022-07-04T10:39:42 IST" name="getTrackAudioFeatures" finished-at="2022-07-04T10:39:42 IST" duration-ms="171" status="PASS">
          <reporter-output>
          </reporter-output>
        </test-method> <!-- getTrackAudioFeatures -->
        <test-method signature="getTracksAudioFeatures()[pri:0, instance:com.bridgelabz.spotify.Spotify_Api@793be5ca]" started-at="2022-07-04T10:39:42 IST" name="getTracksAudioFeatures" finished-at="2022-07-04T10:39:43 IST" duration-ms="152" status="PASS">
          <reporter-output>
          </reporter-output>
        </test-method> <!-- getTracksAudioFeatures -->
        <test-method signature="get_Current_Users_Playlists()[pri:0, instance:com.bridgelabz.spotify.Spotify_Api@793be5ca]" started-at="2022-07-04T10:39:43 IST" name="get_Current_Users_Playlists" finished-at="2022-07-04T10:39:43 IST" duration-ms="198" status="PASS">
          <reporter-output>
          </reporter-output>
        </test-method> <!-- get_Current_Users_Playlists -->
        <test-method signature="get_Playlist()[pri:0, instance:com.bridgelabz.spotify.Spotify_Api@793be5ca]" started-at="2022-07-04T10:39:43 IST" name="get_Playlist" finished-at="2022-07-04T10:39:43 IST" duration-ms="288" status="PASS">
          <reporter-output>
          </reporter-output>
        </test-method> <!-- get_Playlist -->
        <test-method signature="get_Playlist_Items()[pri:0, instance:com.bridgelabz.spotify.Spotify_Api@793be5ca]" started-at="2022-07-04T10:39:43 IST" name="get_Playlist_Items" finished-at="2022-07-04T10:39:43 IST" duration-ms="327" status="PASS">
          <reporter-output>
          </reporter-output>
        </test-method> <!-- get_Playlist_Items -->
        <test-method signature="get_Track()[pri:0, instance:com.bridgelabz.spotify.Spotify_Api@793be5ca]" started-at="2022-07-04T10:39:43 IST" name="get_Track" finished-at="2022-07-04T10:39:44 IST" duration-ms="483" status="PASS">
          <reporter-output>
          </reporter-output>
        </test-method> <!-- get_Track -->
        <test-method signature="get_Users_Playlists()[pri:0, instance:com.bridgelabz.spotify.Spotify_Api@793be5ca]" started-at="2022-07-04T10:39:44 IST" name="get_Users_Playlists" finished-at="2022-07-04T10:39:44 IST" duration-ms="198" status="PASS">
          <reporter-output>
          </reporter-output>
        </test-method> <!-- get_Users_Playlists -->
        <test-method signature="searchforItem()[pri:0, instance:com.bridgelabz.spotify.Spotify_Api@793be5ca]" started-at="2022-07-04T10:39:44 IST" name="searchforItem" finished-at="2022-07-04T10:39:45 IST" duration-ms="382" status="PASS">
          <reporter-output>
          </reporter-output>
        </test-method> <!-- searchforItem -->
        <test-method signature="updatePlaylistItems()[pri:0, instance:com.bridgelabz.spotify.Spotify_Api@793be5ca]" started-at="2022-07-04T10:39:45 IST" name="updatePlaylistItems" finished-at="2022-07-04T10:39:45 IST" duration-ms="260" status="PASS">
          <reporter-output>
          </reporter-output>
        </test-method> <!-- updatePlaylistItems -->
        <test-method signature="testGet_CurrentUsersProfile()[pri:1, instance:com.bridgelabz.spotify.Spotify_Api@793be5ca]" started-at="2022-07-04T10:39:45 IST" name="testGet_CurrentUsersProfile" finished-at="2022-07-04T10:39:45 IST" duration-ms="286" status="PASS">
          <reporter-output>
          </reporter-output>
        </test-method> <!-- testGet_CurrentUsersProfile -->
        <test-method signature="testGet_Users_Profile()[pri:2, instance:com.bridgelabz.spotify.Spotify_Api@793be5ca]" started-at="2022-07-04T10:39:45 IST" name="testGet_Users_Profile" finished-at="2022-07-04T10:39:46 IST" duration-ms="511" status="PASS">
          <reporter-output>
          </reporter-output>
        </test-method> <!-- testGet_Users_Profile -->
      </class> <!-- com.bridgelabz.spotify.Spotify_Api -->
    </test> <!-- Default test -->
  </suite> <!-- Default suite -->
</testng-results>
